Arguments: 
  /usr/local/bin/node /usr/local/bin/yarn install

PATH: 
  /Users/raghav.g/.rvm/gems/ruby-3.0.0/bin:/Users/raghav.g/.rvm/gems/ruby-3.0.0@global/bin:/Users/raghav.g/.rvm/rubies/ruby-3.0.0/bin:/opt/homebrew/opt/ruby/bin:/opt/homebrew/bin:/opt/homebrew/sbin:/usr/local/mysql/bin:/usr/local/bin:/usr/bin:/bin:/usr/sbin:/sbin:/usr/local/go/bin:/Users/raghav.g/.rvm/gems/ruby-3.0.0/bin:/Users/raghav.g/.rvm/gems/ruby-3.0.0@global/bin:/Users/raghav.g/.rvm/rubies/ruby-3.0.0/bin:/opt/homebrew/opt/ruby/bin:/opt/homebrew/bin:/opt/homebrew/sbin:/Users/raghav.g/.rvm/bin:/Users/raghav.g/.rvm/bin

Yarn version: 
  1.22.19

Node version: 
  16.15.1

Platform: 
  darwin arm64

Trace: 
  Error: EACCES: permission denied, unlink '/Users/raghav.g/Desktop/swagger/node_modules/.yarn-integrity'

npm manifest: 
  {
    "name": "swagger",
    "version": "1.0.0",
    "description": "",
    "main": "index.js",
    "scripts": {
      "test": "echo \"Error: no test specified\" && exit 1"
    },
    "author": "raghav gupta",
    "license": "ISC",
    "dependencies": {
      "axios": "^1.2.4",
      "body-parser": "^1.20.1",
      "cors": "^2.8.5",
      "express": "^4.18.2",
      "nodemon": "^2.0.20",
      "swagger-jsdoc": "^6.2.8",
      "swagger-ui-express": "^4.6.0"
    }
  }

yarn manifest: 
  No manifest

Lockfile: 
  No lockfile
